=/pretest.json
{
  _: [],
  f: [
    '/home/runner/work/exp-various-network-attacks-wireshark-au/exp-various-network-attacks-wireshark-au/experiment/pretest.json'
  ],
  files: [
    '/home/runner/work/exp-various-network-attacks-wireshark-au/exp-various-network-attacks-wireshark-au/experiment/pretest.json'
  ],
  c: 'assessment',
  contentTypes: 'assessment',
  'content-types': 'assessment',
  '$0': 'validate'
}
Validated true
=/posttest.json
{
  _: [],
  f: [
    '/home/runner/work/exp-various-network-attacks-wireshark-au/exp-various-network-attacks-wireshark-au/experiment/posttest.json'
  ],
  files: [
    '/home/runner/work/exp-various-network-attacks-wireshark-au/exp-various-network-attacks-wireshark-au/experiment/posttest.json'
  ],
  c: 'assessment',
  contentTypes: 'assessment',
  'content-types': 'assessment',
  '$0': 'validate'
}
Validated true
